{"C:\\Users\\jasio\\OneDrive\\Dokumenty\\GitHub\\backend-fundamentals-library\\backend-fundamentals-library\\src\\book\\book.dto.ts": {"path":"C:\\Users\\jasio\\OneDrive\\Dokumenty\\GitHub\\backend-fundamentals-library\\backend-fundamentals-library\\src\\book\\book.dto.ts","statementMap":{"0":{"start":{"line":3,"column":13},"end":{"line":3,"column":26}},"1":{"start":{"line":4,"column":13},"end":{"line":4,"column":27}},"2":{"start":{"line":5,"column":13},"end":{"line":5,"column":25}},"3":{"start":{"line":1,"column":0},"end":{"line":1,"column":13}}},"fnMap":{"0":{"name":"(anonymous_0)","decl":{"start":{"line":2,"column":2},"end":{"line":2,"column":null}},"loc":{"start":{"line":5,"column":25},"end":{"line":6,"column":6}}}},"branchMap":{},"s":{"0":5,"1":5,"2":5,"3":3},"f":{"0":5},"b":{}}
,"C:\\Users\\jasio\\OneDrive\\Dokumenty\\GitHub\\backend-fundamentals-library\\backend-fundamentals-library\\src\\booking\\booking.service.ts": {"path":"C:\\Users\\jasio\\OneDrive\\Dokumenty\\GitHub\\backend-fundamentals-library\\backend-fundamentals-library\\src\\booking\\booking.service.ts","statementMap":{"0":{"start":{"line":1,"column":0},"end":{"line":1,"column":46}},"1":{"start":{"line":3,"column":0},"end":{"line":3,"column":64}},"2":{"start":{"line":8,"column":21},"end":{"line":8,"column":31}},"3":{"start":{"line":9,"column":21},"end":{"line":9,"column":39}},"4":{"start":{"line":12,"column":21},"end":{"line":12,"column":64}},"5":{"start":{"line":13,"column":4},"end":{"line":18,"column":null}},"6":{"start":{"line":14,"column":6},"end":{"line":17,"column":9}},"7":{"start":{"line":19,"column":4},"end":{"line":19,"column":47}},"8":{"start":{"line":22,"column":17},"end":{"line":22,"column":55}},"9":{"start":{"line":23,"column":4},"end":{"line":28,"column":null}},"10":{"start":{"line":24,"column":6},"end":{"line":27,"column":9}},"11":{"start":{"line":29,"column":4},"end":{"line":29,"column":46}},"12":{"start":{"line":32,"column":4},"end":{"line":32,"column":53}},"13":{"start":{"line":6,"column":0},"end":{"line":6,"column":13}}},"fnMap":{"0":{"name":"(anonymous_0)","decl":{"start":{"line":7,"column":2},"end":{"line":7,"column":null}},"loc":{"start":{"line":9,"column":60},"end":{"line":10,"column":6}}},"1":{"name":"(anonymous_1)","decl":{"start":{"line":11,"column":2},"end":{"line":11,"column":15}},"loc":{"start":{"line":11,"column":26},"end":{"line":20,"column":3}}},"2":{"name":"(anonymous_2)","decl":{"start":{"line":21,"column":2},"end":{"line":21,"column":12}},"loc":{"start":{"line":21,"column":31},"end":{"line":30,"column":3}}},"3":{"name":"(anonymous_3)","decl":{"start":{"line":31,"column":2},"end":{"line":31,"column":20}},"loc":{"start":{"line":31,"column":20},"end":{"line":33,"column":3}}}},"branchMap":{"0":{"loc":{"start":{"line":9,"column":21},"end":{"line":9,"column":60}},"type":"default-arg","locations":[{"start":{"line":9,"column":39},"end":{"line":9,"column":60}}]},"1":{"loc":{"start":{"line":13,"column":4},"end":{"line":18,"column":null}},"type":"if","locations":[{"start":{"line":13,"column":4},"end":{"line":18,"column":null}}]},"2":{"loc":{"start":{"line":23,"column":4},"end":{"line":28,"column":null}},"type":"if","locations":[{"start":{"line":23,"column":4},"end":{"line":28,"column":null}}]}},"s":{"0":4,"1":4,"2":12,"3":12,"4":7,"5":7,"6":1,"7":6,"8":3,"9":3,"10":1,"11":2,"12":0,"13":4},"f":{"0":12,"1":7,"2":3,"3":0},"b":{"0":[12],"1":[1],"2":[1]}}
,"C:\\Users\\jasio\\OneDrive\\Dokumenty\\GitHub\\backend-fundamentals-library\\backend-fundamentals-library\\src\\exceptions\\library.exceptions.ts": {"path":"C:\\Users\\jasio\\OneDrive\\Dokumenty\\GitHub\\backend-fundamentals-library\\backend-fundamentals-library\\src\\exceptions\\library.exceptions.ts","statementMap":{"0":{"start":{"line":6,"column":4},"end":{"line":6,"column":16}},"1":{"start":{"line":7,"column":4},"end":{"line":7,"column":21}},"2":{"start":{"line":8,"column":4},"end":{"line":8,"column":27}},"3":{"start":{"line":2,"column":0},"end":{"line":2,"column":13}}},"fnMap":{"0":{"name":"(anonymous_0)","decl":{"start":{"line":5,"column":2},"end":{"line":5,"column":14}},"loc":{"start":{"line":5,"column":69},"end":{"line":9,"column":3}}}},"branchMap":{},"s":{"0":8,"1":8,"2":8,"3":4},"f":{"0":8},"b":{}}
,"C:\\Users\\jasio\\OneDrive\\Dokumenty\\GitHub\\backend-fundamentals-library\\backend-fundamentals-library\\src\\library\\library.component.ts": {"path":"C:\\Users\\jasio\\OneDrive\\Dokumenty\\GitHub\\backend-fundamentals-library\\backend-fundamentals-library\\src\\library\\library.component.ts","statementMap":{"0":{"start":{"line":2,"column":0},"end":{"line":2,"column":64}},"1":{"start":{"line":4,"column":0},"end":{"line":4,"column":53}},"2":{"start":{"line":5,"column":0},"end":{"line":5,"column":78}},"3":{"start":{"line":6,"column":0},"end":{"line":6,"column":34}},"4":{"start":{"line":11,"column":21},"end":{"line":11,"column":36}},"5":{"start":{"line":12,"column":21},"end":{"line":12,"column":32}},"6":{"start":{"line":14,"column":4},"end":{"line":14,"column":41}},"7":{"start":{"line":17,"column":4},"end":{"line":21,"column":7}},"8":{"start":{"line":18,"column":6},"end":{"line":18,"column":52}},"9":{"start":{"line":19,"column":6},"end":{"line":19,"column":45}},"10":{"start":{"line":20,"column":6},"end":{"line":20,"column":43}},"11":{"start":{"line":24,"column":18},"end":{"line":24,"column":50}},"12":{"start":{"line":25,"column":4},"end":{"line":25,"column":48}},"13":{"start":{"line":28,"column":26},"end":{"line":28,"column":53}},"14":{"start":{"line":29,"column":4},"end":{"line":34,"column":null}},"15":{"start":{"line":30,"column":6},"end":{"line":33,"column":9}},"16":{"start":{"line":35,"column":22},"end":{"line":35,"column":44}},"17":{"start":{"line":36,"column":4},"end":{"line":39,"column":null}},"18":{"start":{"line":37,"column":6},"end":{"line":37,"column":45}},"19":{"start":{"line":38,"column":6},"end":{"line":38,"column":13}},"20":{"start":{"line":40,"column":4},"end":{"line":40,"column":35}},"21":{"start":{"line":43,"column":4},"end":{"line":48,"column":null}},"22":{"start":{"line":44,"column":6},"end":{"line":47,"column":9}},"23":{"start":{"line":49,"column":4},"end":{"line":49,"column":47}},"24":{"start":{"line":52,"column":20},"end":{"line":52,"column":43}},"25":{"start":{"line":53,"column":26},"end":{"line":53,"column":58}},"26":{"start":{"line":54,"column":4},"end":{"line":59,"column":null}},"27":{"start":{"line":55,"column":6},"end":{"line":58,"column":9}},"28":{"start":{"line":60,"column":4},"end":{"line":64,"column":null}},"29":{"start":{"line":61,"column":6},"end":{"line":61,"column":53}},"30":{"start":{"line":62,"column":6},"end":{"line":62,"column":34}},"31":{"start":{"line":63,"column":6},"end":{"line":63,"column":13}},"32":{"start":{"line":65,"column":4},"end":{"line":68,"column":7}},"33":{"start":{"line":71,"column":20},"end":{"line":71,"column":43}},"34":{"start":{"line":72,"column":4},"end":{"line":77,"column":null}},"35":{"start":{"line":73,"column":6},"end":{"line":76,"column":9}},"36":{"start":{"line":78,"column":26},"end":{"line":78,"column":53}},"37":{"start":{"line":79,"column":4},"end":{"line":83,"column":null}},"38":{"start":{"line":80,"column":6},"end":{"line":80,"column":31}},"39":{"start":{"line":81,"column":6},"end":{"line":81,"column":53}},"40":{"start":{"line":82,"column":6},"end":{"line":82,"column":13}},"41":{"start":{"line":84,"column":4},"end":{"line":87,"column":7}},"42":{"start":{"line":8,"column":0},"end":{"line":8,"column":13}}},"fnMap":{"0":{"name":"(anonymous_6)","decl":{"start":{"line":10,"column":2},"end":{"line":10,"column":null}},"loc":{"start":{"line":12,"column":56},"end":{"line":15,"column":3}}},"1":{"name":"(anonymous_7)","decl":{"start":{"line":16,"column":2},"end":{"line":16,"column":23}},"loc":{"start":{"line":16,"column":23},"end":{"line":22,"column":3}}},"2":{"name":"(anonymous_8)","decl":{"start":{"line":17,"column":35},"end":{"line":17,"column":38}},"loc":{"start":{"line":17,"column":40},"end":{"line":21,"column":5}}},"3":{"name":"(anonymous_9)","decl":{"start":{"line":23,"column":2},"end":{"line":23,"column":9}},"loc":{"start":{"line":23,"column":32},"end":{"line":26,"column":3}}},"4":{"name":"(anonymous_10)","decl":{"start":{"line":27,"column":2},"end":{"line":27,"column":12}},"loc":{"start":{"line":27,"column":43},"end":{"line":41,"column":3}}},"5":{"name":"(anonymous_11)","decl":{"start":{"line":42,"column":2},"end":{"line":42,"column":15}},"loc":{"start":{"line":42,"column":26},"end":{"line":50,"column":3}}},"6":{"name":"(anonymous_12)","decl":{"start":{"line":51,"column":2},"end":{"line":51,"column":12}},"loc":{"start":{"line":51,"column":35},"end":{"line":69,"column":3}}},"7":{"name":"(anonymous_13)","decl":{"start":{"line":70,"column":2},"end":{"line":70,"column":12}},"loc":{"start":{"line":70,"column":35},"end":{"line":88,"column":3}}}},"branchMap":{"0":{"loc":{"start":{"line":11,"column":21},"end":{"line":11,"column":59}},"type":"default-arg","locations":[{"start":{"line":11,"column":36},"end":{"line":11,"column":59}}]},"1":{"loc":{"start":{"line":12,"column":21},"end":{"line":12,"column":56}},"type":"default-arg","locations":[{"start":{"line":12,"column":32},"end":{"line":12,"column":56}}]},"2":{"loc":{"start":{"line":23,"column":22},"end":{"line":23,"column":32}},"type":"default-arg","locations":[{"start":{"line":23,"column":31},"end":{"line":23,"column":32}}]},"3":{"loc":{"start":{"line":24,"column":18},"end":{"line":24,"column":50}},"type":"binary-expr","locations":[{"start":{"line":24,"column":18},"end":{"line":24,"column":45}},{"start":{"line":24,"column":49},"end":{"line":24,"column":50}}]},"4":{"loc":{"start":{"line":27,"column":25},"end":{"line":27,"column":43}},"type":"default-arg","locations":[{"start":{"line":27,"column":42},"end":{"line":27,"column":43}}]},"5":{"loc":{"start":{"line":29,"column":4},"end":{"line":34,"column":null}},"type":"if","locations":[{"start":{"line":29,"column":4},"end":{"line":34,"column":null}}]},"6":{"loc":{"start":{"line":36,"column":4},"end":{"line":39,"column":null}},"type":"if","locations":[{"start":{"line":36,"column":4},"end":{"line":39,"column":null}}]},"7":{"loc":{"start":{"line":43,"column":4},"end":{"line":48,"column":null}},"type":"if","locations":[{"start":{"line":43,"column":4},"end":{"line":48,"column":null}}]},"8":{"loc":{"start":{"line":53,"column":26},"end":{"line":53,"column":58}},"type":"binary-expr","locations":[{"start":{"line":53,"column":26},"end":{"line":53,"column":53}},{"start":{"line":53,"column":57},"end":{"line":53,"column":58}}]},"9":{"loc":{"start":{"line":54,"column":4},"end":{"line":59,"column":null}},"type":"if","locations":[{"start":{"line":54,"column":4},"end":{"line":59,"column":null}}]},"10":{"loc":{"start":{"line":60,"column":4},"end":{"line":64,"column":null}},"type":"if","locations":[{"start":{"line":60,"column":4},"end":{"line":64,"column":null}}]},"11":{"loc":{"start":{"line":72,"column":4},"end":{"line":77,"column":null}},"type":"if","locations":[{"start":{"line":72,"column":4},"end":{"line":77,"column":null}}]},"12":{"loc":{"start":{"line":79,"column":4},"end":{"line":83,"column":null}},"type":"if","locations":[{"start":{"line":79,"column":4},"end":{"line":83,"column":null}}]}},"s":{"0":2,"1":2,"2":2,"3":2,"4":13,"5":13,"6":13,"7":1,"8":1,"9":1,"10":1,"11":9,"12":9,"13":3,"14":3,"15":1,"16":2,"17":2,"18":1,"19":1,"20":1,"21":7,"22":1,"23":6,"24":5,"25":5,"26":5,"27":1,"28":4,"29":3,"30":3,"31":3,"32":1,"33":3,"34":3,"35":1,"36":2,"37":2,"38":1,"39":1,"40":1,"41":1,"42":2},"f":{"0":13,"1":1,"2":1,"3":9,"4":3,"5":7,"6":5,"7":3},"b":{"0":[13],"1":[13],"2":[6],"3":[9,9],"4":[1],"5":[1],"6":[1],"7":[1],"8":[5,1],"9":[1],"10":[3],"11":[1],"12":[1]}}
,"C:\\Users\\jasio\\OneDrive\\Dokumenty\\GitHub\\backend-fundamentals-library\\backend-fundamentals-library\\src\\user\\user.dto.ts": {"path":"C:\\Users\\jasio\\OneDrive\\Dokumenty\\GitHub\\backend-fundamentals-library\\backend-fundamentals-library\\src\\user\\user.dto.ts","statementMap":{"0":{"start":{"line":1,"column":0},"end":{"line":1,"column":36}},"1":{"start":{"line":4,"column":26},"end":{"line":4,"column":38}},"2":{"start":{"line":6,"column":13},"end":{"line":6,"column":25}},"3":{"start":{"line":7,"column":12},"end":{"line":7,"column":22}},"4":{"start":{"line":8,"column":12},"end":{"line":8,"column":28}},"5":{"start":{"line":11,"column":4},"end":{"line":11,"column":24}},"6":{"start":{"line":14,"column":4},"end":{"line":14,"column":30}},"7":{"start":{"line":17,"column":4},"end":{"line":17,"column":27}},"8":{"start":{"line":20,"column":4},"end":{"line":20,"column":39}},"9":{"start":{"line":3,"column":0},"end":{"line":3,"column":13}}},"fnMap":{"0":{"name":"(anonymous_0)","decl":{"start":{"line":5,"column":2},"end":{"line":5,"column":null}},"loc":{"start":{"line":8,"column":29},"end":{"line":9,"column":6}}},"1":{"name":"(anonymous_1)","decl":{"start":{"line":10,"column":2},"end":{"line":10,"column":12}},"loc":{"start":{"line":10,"column":12},"end":{"line":12,"column":3}}},"2":{"name":"(anonymous_2)","decl":{"start":{"line":13,"column":2},"end":{"line":13,"column":18}},"loc":{"start":{"line":13,"column":18},"end":{"line":15,"column":3}}},"3":{"name":"(anonymous_3)","decl":{"start":{"line":16,"column":2},"end":{"line":16,"column":12}},"loc":{"start":{"line":16,"column":28},"end":{"line":18,"column":3}}},"4":{"name":"(anonymous_4)","decl":{"start":{"line":19,"column":2},"end":{"line":19,"column":18}},"loc":{"start":{"line":19,"column":40},"end":{"line":21,"column":3}}}},"branchMap":{"0":{"loc":{"start":{"line":7,"column":12},"end":{"line":7,"column":23}},"type":"default-arg","locations":[{"start":{"line":7,"column":22},"end":{"line":7,"column":23}}]},"1":{"loc":{"start":{"line":8,"column":12},"end":{"line":8,"column":29}},"type":"default-arg","locations":[{"start":{"line":8,"column":28},"end":{"line":8,"column":29}}]}},"s":{"0":5,"1":24,"2":24,"3":24,"4":24,"5":9,"6":12,"7":5,"8":5,"9":5},"f":{"0":24,"1":9,"2":12,"3":5,"4":5},"b":{"0":[23],"1":[23]}}
,"C:\\Users\\jasio\\OneDrive\\Dokumenty\\GitHub\\backend-fundamentals-library\\backend-fundamentals-library\\src\\user\\service\\penaltyPoints\\penaltyPoints.service.ts": {"path":"C:\\Users\\jasio\\OneDrive\\Dokumenty\\GitHub\\backend-fundamentals-library\\backend-fundamentals-library\\src\\user\\service\\penaltyPoints\\penaltyPoints.service.ts","statementMap":{"0":{"start":{"line":1,"column":0},"end":{"line":1,"column":57}},"1":{"start":{"line":8,"column":4},"end":{"line":8,"column":31}},"2":{"start":{"line":9,"column":4},"end":{"line":9,"column":35}},"3":{"start":{"line":12,"column":31},"end":{"line":12,"column":70}},"4":{"start":{"line":13,"column":4},"end":{"line":13,"column":46}},"5":{"start":{"line":14,"column":30},"end":{"line":14,"column":53}},"6":{"start":{"line":15,"column":22},"end":{"line":15,"column":44}},"7":{"start":{"line":16,"column":24},"end":{"line":16,"column":34}},"8":{"start":{"line":17,"column":35},"end":{"line":17,"column":78}},"9":{"start":{"line":18,"column":4},"end":{"line":18,"column":44}},"10":{"start":{"line":21,"column":24},"end":{"line":21,"column":34}},"11":{"start":{"line":22,"column":24},"end":{"line":28,"column":9}},"12":{"start":{"line":23,"column":25},"end":{"line":23,"column":66}},"13":{"start":{"line":24,"column":6},"end":{"line":27,"column":8}},"14":{"start":{"line":29,"column":4},"end":{"line":29,"column":23}},"15":{"start":{"line":4,"column":0},"end":{"line":4,"column":13}}},"fnMap":{"0":{"name":"(anonymous_0)","decl":{"start":{"line":7,"column":2},"end":{"line":7,"column":null}},"loc":{"start":{"line":7,"column":2},"end":{"line":10,"column":3}}},"1":{"name":"(anonymous_1)","decl":{"start":{"line":11,"column":2},"end":{"line":11,"column":27}},"loc":{"start":{"line":11,"column":61},"end":{"line":19,"column":3}}},"2":{"name":"(anonymous_2)","decl":{"start":{"line":20,"column":2},"end":{"line":20,"column":24}},"loc":{"start":{"line":20,"column":43},"end":{"line":30,"column":3}}},"3":{"name":"(anonymous_3)","decl":{"start":{"line":22,"column":42},"end":{"line":22,"column":43}},"loc":{"start":{"line":22,"column":68},"end":{"line":28,"column":5}}}},"branchMap":{"0":{"loc":{"start":{"line":26,"column":9},"end":{"line":26,"column":77}},"type":"cond-expr","locations":[{"start":{"line":26,"column":48},"end":{"line":26,"column":73}},{"start":{"line":26,"column":76},"end":{"line":26,"column":77}}]}},"s":{"0":4,"1":21,"2":21,"3":5,"4":5,"5":5,"6":5,"7":5,"8":5,"9":5,"10":4,"11":4,"12":12,"13":12,"14":4,"15":4},"f":{"0":21,"1":5,"2":4,"3":12},"b":{"0":[9,3]}}
,"C:\\Users\\jasio\\OneDrive\\Dokumenty\\GitHub\\backend-fundamentals-library\\backend-fundamentals-library\\src\\user\\service\\usersUpdate\\usersUpdate.service.ts": {"path":"C:\\Users\\jasio\\OneDrive\\Dokumenty\\GitHub\\backend-fundamentals-library\\backend-fundamentals-library\\src\\user\\service\\usersUpdate\\usersUpdate.service.ts","statementMap":{"0":{"start":{"line":1,"column":0},"end":{"line":1,"column":71}},"1":{"start":{"line":2,"column":0},"end":{"line":2,"column":35}},"2":{"start":{"line":11,"column":4},"end":{"line":11,"column":49}},"3":{"start":{"line":15,"column":24},"end":{"line":15,"column":34}},"4":{"start":{"line":16,"column":4},"end":{"line":23,"column":7}},"5":{"start":{"line":17,"column":23},"end":{"line":17,"column":62}},"6":{"start":{"line":18,"column":6},"end":{"line":18,"column":27}},"7":{"start":{"line":18,"column":20},"end":{"line":18,"column":27}},"8":{"start":{"line":19,"column":25},"end":{"line":19,"column":53}},"9":{"start":{"line":21,"column":8},"end":{"line":21,"column":65}},"10":{"start":{"line":22,"column":6},"end":{"line":22,"column":76}},"11":{"start":{"line":6,"column":0},"end":{"line":6,"column":13}}},"fnMap":{"0":{"name":"(anonymous_0)","decl":{"start":{"line":10,"column":2},"end":{"line":10,"column":null}},"loc":{"start":{"line":10,"column":2},"end":{"line":12,"column":3}}},"1":{"name":"(anonymous_1)","decl":{"start":{"line":14,"column":2},"end":{"line":14,"column":8}},"loc":{"start":{"line":14,"column":37},"end":{"line":24,"column":3}}},"2":{"name":"(anonymous_2)","decl":{"start":{"line":16,"column":21},"end":{"line":16,"column":22}},"loc":{"start":{"line":16,"column":39},"end":{"line":23,"column":5}}}},"branchMap":{"0":{"loc":{"start":{"line":18,"column":6},"end":{"line":18,"column":27}},"type":"if","locations":[{"start":{"line":18,"column":6},"end":{"line":18,"column":27}}]}},"s":{"0":3,"1":3,"2":16,"3":4,"4":4,"5":3,"6":3,"7":1,"8":2,"9":2,"10":2,"11":3},"f":{"0":16,"1":4,"2":3},"b":{"0":[1]}}
}
