TN:
SF:src\book\book.dto.ts
FN:2,(anonymous_0)
FNF:1
FNH:1
FNDA:5,(anonymous_0)
DA:1,3
DA:3,5
DA:4,5
DA:5,5
LF:4
LH:4
BRF:0
BRH:0
end_of_record
TN:
SF:src\booking\booking.service.ts
FN:7,(anonymous_0)
FN:11,(anonymous_1)
FN:21,(anonymous_2)
FN:31,(anonymous_3)
FNF:4
FNH:3
FNDA:12,(anonymous_0)
FNDA:7,(anonymous_1)
FNDA:3,(anonymous_2)
FNDA:0,(anonymous_3)
DA:1,4
DA:3,4
DA:6,4
DA:8,12
DA:9,12
DA:12,7
DA:13,7
DA:14,1
DA:19,6
DA:22,3
DA:23,3
DA:24,1
DA:29,2
DA:32,0
LF:14
LH:13
BRDA:9,0,0,12
BRDA:13,1,0,1
BRDA:23,2,0,1
BRF:3
BRH:3
end_of_record
TN:
SF:src\exceptions\library.exceptions.ts
FN:5,(anonymous_0)
FNF:1
FNH:1
FNDA:8,(anonymous_0)
DA:2,4
DA:6,8
DA:7,8
DA:8,8
LF:4
LH:4
BRF:0
BRH:0
end_of_record
TN:
SF:src\library\library.component.ts
FN:10,(anonymous_6)
FN:16,(anonymous_7)
FN:17,(anonymous_8)
FN:23,(anonymous_9)
FN:27,(anonymous_10)
FN:42,(anonymous_11)
FN:51,(anonymous_12)
FN:70,(anonymous_13)
FNF:8
FNH:8
FNDA:13,(anonymous_6)
FNDA:1,(anonymous_7)
FNDA:1,(anonymous_8)
FNDA:9,(anonymous_9)
FNDA:3,(anonymous_10)
FNDA:7,(anonymous_11)
FNDA:5,(anonymous_12)
FNDA:3,(anonymous_13)
DA:2,2
DA:4,2
DA:5,2
DA:6,2
DA:8,2
DA:11,13
DA:12,13
DA:14,13
DA:17,1
DA:18,1
DA:19,1
DA:20,1
DA:24,9
DA:25,9
DA:28,3
DA:29,3
DA:30,1
DA:35,2
DA:36,2
DA:37,1
DA:38,1
DA:40,1
DA:43,7
DA:44,1
DA:49,6
DA:52,5
DA:53,5
DA:54,5
DA:55,1
DA:60,4
DA:61,3
DA:62,3
DA:63,3
DA:65,1
DA:71,3
DA:72,3
DA:73,1
DA:78,2
DA:79,2
DA:80,1
DA:81,1
DA:82,1
DA:84,1
LF:43
LH:43
BRDA:11,0,0,13
BRDA:12,1,0,13
BRDA:23,2,0,6
BRDA:24,3,0,9
BRDA:24,3,1,9
BRDA:27,4,0,1
BRDA:29,5,0,1
BRDA:36,6,0,1
BRDA:43,7,0,1
BRDA:53,8,0,5
BRDA:53,8,1,1
BRDA:54,9,0,1
BRDA:60,10,0,3
BRDA:72,11,0,1
BRDA:79,12,0,1
BRF:15
BRH:15
end_of_record
TN:
SF:src\user\user.dto.ts
FN:5,(anonymous_0)
FN:10,(anonymous_1)
FN:13,(anonymous_2)
FN:16,(anonymous_3)
FN:19,(anonymous_4)
FNF:5
FNH:5
FNDA:24,(anonymous_0)
FNDA:9,(anonymous_1)
FNDA:12,(anonymous_2)
FNDA:5,(anonymous_3)
FNDA:5,(anonymous_4)
DA:1,5
DA:3,5
DA:4,24
DA:6,24
DA:7,24
DA:8,24
DA:11,9
DA:14,12
DA:17,5
DA:20,5
LF:10
LH:10
BRDA:7,0,0,23
BRDA:8,1,0,23
BRF:2
BRH:2
end_of_record
TN:
SF:src\user\service\penaltyPoints\penaltyPoints.service.ts
FN:7,(anonymous_0)
FN:11,(anonymous_1)
FN:20,(anonymous_2)
FN:22,(anonymous_3)
FNF:4
FNH:4
FNDA:21,(anonymous_0)
FNDA:5,(anonymous_1)
FNDA:4,(anonymous_2)
FNDA:12,(anonymous_3)
DA:1,4
DA:4,4
DA:8,21
DA:9,21
DA:12,5
DA:13,5
DA:14,5
DA:15,5
DA:16,5
DA:17,5
DA:18,5
DA:21,4
DA:22,4
DA:23,12
DA:24,12
DA:29,4
LF:16
LH:16
BRDA:26,0,0,9
BRDA:26,0,1,3
BRF:2
BRH:2
end_of_record
TN:
SF:src\user\service\usersUpdate\usersUpdate.service.ts
FN:10,(anonymous_0)
FN:14,(anonymous_1)
FN:16,(anonymous_2)
FNF:3
FNH:3
FNDA:16,(anonymous_0)
FNDA:4,(anonymous_1)
FNDA:3,(anonymous_2)
DA:1,3
DA:2,3
DA:6,3
DA:11,16
DA:15,4
DA:16,4
DA:17,3
DA:18,3
DA:19,2
DA:21,2
DA:22,2
LF:11
LH:11
BRDA:18,0,0,1
BRF:1
BRH:1
end_of_record
